Sent mail to mwright@futuresinc.com

To: mwright@futuresinc.com
Subject: Testing 123
Mime-Version: 1.0
Content-Type: text/plain; charset=utf-8

Test Works!
Sent mail to mwright@futuresinc.com

To: mwright@futuresinc.com
Subject: Testing 123
Mime-Version: 1.0
Content-Type: text/plain; charset=utf-8

Test Works!
Sent mail to mwright@futuresinc.com

To: mwright@futuresinc.com
Subject: Testing 123
Mime-Version: 1.0
Content-Type: text/plain; charset=utf-8

Test Works!
Sent mail to mwright@futuresinc.com

To: mwright@futuresinc.com
Subject: Testing 123
Mime-Version: 1.0
Content-Type: text/plain; charset=utf-8

Test Works!
Sent mail to mwright@futuresinc.com

To: mwright@futuresinc.com
Subject: Testing 123
Mime-Version: 1.0
Content-Type: text/plain; charset=utf-8

Test Works!
Sent mail to mwright@futuresinc.com

To: mwright@futuresinc.com
Subject: Testing 123
Mime-Version: 1.0
Content-Type: text/plain; charset=utf-8

Test Works!
Sent mail to mwright@futuresinc.com

To: mwright@futuresinc.com
Subject: Testing 123
Mime-Version: 1.0
Content-Type: text/plain; charset=utf-8

Test Works!
Sent mail to mwright@futuresinc.com

From: ci@futuresinc.com
To: mwright@futuresinc.com
Subject: Testing 123
Mime-Version: 1.0
Content-Type: text/plain; charset=utf-8

Congratulations! You appear to have broken the build. Your recent commit seems to have broken the build at the test step.

Sent mail to false

From: ci@futuresinc.com
To: false
Subject: Project broken at the rake db:migrate:reset step
Mime-Version: 1.0
Content-Type: text/plain; charset=utf-8

Congratulations! You appear to have broken the build. Your recent commit seems to have broken the build at the rake db:migrate:reset step.

false
Sent mail to mwright@futuresinc.com

From: ci@futuresinc.com
To: mwright@futuresinc.com
Subject: Project broken at the rake db:migrate:reset step
Mime-Version: 1.0
Content-Type: text/plain; charset=utf-8

Congratulations! You appear to have broken the build. Your recent commit seems to have broken the build at the rake db:migrate:reset step.

false
Sent mail to mwright@futuresinc.com

From: ci@futuresinc.com
To: mwright@futuresinc.com
Subject: Project broken at the rake db:migrate:reset step
Mime-Version: 1.0
Content-Type: text/plain; charset=utf-8

Congratulations! You appear to have broken the build. Your recent commit seems to have broken the build at the rake db:migrate:reset step.

(in /Users/mwright/Work/protopipe)
Couldn't drop db/development.sqlite3 : #<Mysql::Error: Incorrect database name 'db/development.sqlite3'>
Sent mail to mwright@futuresinc.com

From: ci@futuresinc.com
To: mwright@futuresinc.com
Subject: Project broken at the rake db:migrate:reset step
Mime-Version: 1.0
Content-Type: text/plain; charset=utf-8

Congratulations! You appear to have broken the build. Your recent commit seems to have broken the build at the rake db:migrate:reset step.

(in /Users/mwright/Work/protopipe)
Sent mail to mwright@futuresinc.com, mdwrigh2@ncsu.edu, mwright@futuresinc.com

From: ci@futuresinc.com
To: mwright@futuresinc.com, mdwrigh2@ncsu.edu, mwright@futuresinc.com
Subject: Project broken at the "rake spec" step
Mime-Version: 1.0
Content-Type: text/plain; charset=utf-8

Congratulations! You appear to have broken the build. Your recent commit seems to have broken the build at the "rake spec" step.

(in /Users/mwright/Work/protopipe)
Sent mail to mwright@futuresinc.com, mdwrigh2@ncsu.edu, mwright@futuresinc.com

From: ci@futuresinc.com
To: mwright@futuresinc.com, mdwrigh2@ncsu.edu, mwright@futuresinc.com
Subject: Project broken at the "deploy" step
Mime-Version: 1.0
Content-Type: text/plain; charset=utf-8

Congratulations! You appear to have broken the build. Your recent commit seems to have broken the build at the "deploy" step.

Password: 
